2014/12/02 15:01:17 [error] [exception.CDbException] exception 'CDbException' with message 'CDbConnection failed to open the DB connection: SQLSTATE[HY000] [1049] Unknown database 'blog'' in D:\xampp\www\me\jorryApps\framework\db\CDbConnection.php:382
Stack trace:
#0 D:\xampp\www\me\jorryApps\framework\db\CDbConnection.php(330): CDbConnection->open()
#1 D:\xampp\www\me\jorryApps\framework\db\CDbConnection.php(308): CDbConnection->setActive(true)
#2 D:\xampp\www\me\jorryApps\framework\base\CModule.php(387): CDbConnection->init()
#3 D:\xampp\www\me\jorryApps\framework\base\CApplication.php(450): CModule->getComponent('db')
#4 D:\xampp\www\me\jorryApps\framework\db\ar\CActiveRecord.php(634): CApplication->getDb()
#5 D:\xampp\www\me\jorryApps\framework\db\ar\CActiveRecord.php(667): CActiveRecord->getDbConnection()
#6 D:\xampp\www\me\jorryApps\framework\db\ar\CActiveRecord.php(1595): CActiveRecord->getCommandBuilder()
#7 D:\xampp\www\me\jorryApps\framework\web\CActiveDataProvider.php(228): CActiveRecord->count(Object(CDbCriteria))
#8 D:\xampp\www\me\jorryApps\framework\web\CDataProvider.php(224): CActiveDataProvider->calculateTotalItemCount()
#9 D:\xampp\www\me\jorryApps\framework\web\CActiveDataProvider.php(178): CDataProvider->getTotalItemCount()
#10 D:\xampp\www\me\jorryApps\framework\web\CDataProvider.php(168): CActiveDataProvider->fetchData()
#11 D:\xampp\www\me\jorryApps\framework\zii\widgets\CBaseListView.php(111): CDataProvider->getData()
#12 D:\xampp\www\me\jorryApps\framework\zii\widgets\CListView.php(211): CBaseListView->init()
#13 D:\xampp\www\me\jorryApps\framework\web\CBaseController.php(147): CListView->init()
#14 D:\xampp\www\me\jorryApps\framework\web\CBaseController.php(172): CBaseController->createWidget('zii.widgets.CLi...', Array)
#15 D:\xampp\www\me\jorryApps\app\turen\protected\views\post\index.php(9): CBaseController->widget('zii.widgets.CLi...', Array)
#16 D:\xampp\www\me\jorryApps\framework\web\CBaseController.php(126): require('D:\\xampp\\www\\me...')
#17 D:\xampp\www\me\jorryApps\framework\web\CBaseController.php(95): CBaseController->renderInternal('D:\\xampp\\www\\me...', Array, true)
#18 D:\xampp\www\me\jorryApps\framework\web\CController.php(869): CBaseController->renderFile('D:\\xampp\\www\\me...', Array, true)
#19 D:\xampp\www\me\jorryApps\framework\web\CController.php(782): CController->renderPartial('index', Array, true)
#20 D:\xampp\www\me\jorryApps\app\turen\protected\controllers\PostController.php(136): CController->render('index', Array)
#21 D:\xampp\www\me\jorryApps\framework\web\actions\CInlineAction.php(49): PostController->actionIndex()
#22 D:\xampp\www\me\jorryApps\framework\web\CController.php(308): CInlineAction->runWithParams(Array)
#23 D:\xampp\www\me\jorryApps\framework\web\filters\CFilterChain.php(133): CController->runAction(Object(CInlineAction))
#24 D:\xampp\www\me\jorryApps\framework\web\filters\CFilter.php(40): CFilterChain->run()
#25 D:\xampp\www\me\jorryApps\framework\web\CController.php(1145): CFilter->filter(Object(CFilterChain))
#26 D:\xampp\www\me\jorryApps\framework\web\filters\CInlineFilter.php(58): CController->filterAccessControl(Object(CFilterChain))
#27 D:\xampp\www\me\jorryApps\framework\web\filters\CFilterChain.php(130): CInlineFilter->filter(Object(CFilterChain))
#28 D:\xampp\www\me\jorryApps\framework\web\CController.php(291): CFilterChain->run()
#29 D:\xampp\www\me\jorryApps\framework\web\CController.php(265): CController->runActionWithFilters(Object(CInlineAction), Array)
#30 D:\xampp\www\me\jorryApps\framework\web\CWebApplication.php(282): CController->run('index')
#31 D:\xampp\www\me\jorryApps\framework\web\CWebApplication.php(141): CWebApplication->runController('post/index')
#32 D:\xampp\www\me\jorryApps\framework\base\CApplication.php(180): CWebApplication->processRequest()
#33 D:\xampp\www\me\jorryApps\app\turen\index.php(16): CApplication->run()
#34 {main}
REQUEST_URI=/jorryApps/app/turen/index.php?r=post/index
HTTP_REFERER=http://me.cc/jorryApps/app/turen/index.php?r=site/contact
---
2014/12/11 16:01:43 [error] [exception.CHttpException.404] exception 'CHttpException' with message 'The system is unable to find the requested action "index".' in D:\xampp\www\me\jorryApps\framework\web\CController.php:492
Stack trace:
#0 D:\xampp\www\me\jorryApps\framework\web\CController.php(274): CController->missingAction('index')
#1 D:\xampp\www\me\jorryApps\framework\web\CWebApplication.php(292): CController->run('index')
#2 D:\xampp\www\me\jorryApps\framework\web\CWebApplication.php(147): CWebApplication->runController('gii/default/ind...')
#3 D:\xampp\www\me\jorryApps\framework\base\CApplication.php(183): CWebApplication->processRequest()
#4 D:\xampp\www\me\jorryApps\app\turen\index.php(17): CApplication->run()
#5 {main}
REQUEST_URI=/jorryApps/app/turen/index.php?r=gii/default/index
HTTP_REFERER=http://me.cc/jorryApps/app/turen/index.php?r=gii/default/login
---
2014/12/11 16:02:08 [error] [exception.CHttpException.404] exception 'CHttpException' with message 'The system is unable to find the requested action "index".' in D:\xampp\www\me\jorryApps\framework\web\CController.php:492
Stack trace:
#0 D:\xampp\www\me\jorryApps\framework\web\CController.php(274): CController->missingAction('index')
#1 D:\xampp\www\me\jorryApps\framework\web\CWebApplication.php(292): CController->run('index')
#2 D:\xampp\www\me\jorryApps\framework\web\CWebApplication.php(147): CWebApplication->runController('gii/default/ind...')
#3 D:\xampp\www\me\jorryApps\framework\base\CApplication.php(183): CWebApplication->processRequest()
#4 D:\xampp\www\me\jorryApps\app\turen\index.php(17): CApplication->run()
#5 {main}
REQUEST_URI=/jorryApps/app/turen/index.php?r=gii/default/index
HTTP_REFERER=http://me.cc/jorryApps/app/turen/index.php?r=gii/default/login
---
2014/12/11 16:02:51 [error] [exception.CHttpException.404] exception 'CHttpException' with message 'The system is unable to find the requested action "index".' in D:\xampp\www\me\jorryApps\framework\web\CController.php:491
Stack trace:
#0 D:\xampp\www\me\jorryApps\framework\web\CController.php(273): CController->missingAction('index')
#1 D:\xampp\www\me\jorryApps\framework\web\CWebApplication.php(292): CController->run('index')
#2 D:\xampp\www\me\jorryApps\framework\web\CWebApplication.php(147): CWebApplication->runController('gii/default/ind...')
#3 D:\xampp\www\me\jorryApps\framework\base\CApplication.php(183): CWebApplication->processRequest()
#4 D:\xampp\www\me\jorryApps\app\turen\index.php(17): CApplication->run()
#5 {main}
REQUEST_URI=/jorryApps/app/turen/index.php?r=gii/default/index
HTTP_REFERER=http://me.cc/jorryApps/app/turen/index.php?r=gii/default/login
---
2014/12/11 16:03:00 [error] [exception.CHttpException.404] exception 'CHttpException' with message 'The system is unable to find the requested action "index".' in D:\xampp\www\me\jorryApps\framework\web\CController.php:491
Stack trace:
#0 D:\xampp\www\me\jorryApps\framework\web\CController.php(273): CController->missingAction('index')
#1 D:\xampp\www\me\jorryApps\framework\web\CWebApplication.php(292): CController->run('index')
#2 D:\xampp\www\me\jorryApps\framework\web\CWebApplication.php(147): CWebApplication->runController('gii/default/ind...')
#3 D:\xampp\www\me\jorryApps\framework\base\CApplication.php(183): CWebApplication->processRequest()
#4 D:\xampp\www\me\jorryApps\app\turen\index.php(17): CApplication->run()
#5 {main}
REQUEST_URI=/jorryApps/app/turen/index.php?r=gii/default/index
HTTP_REFERER=http://me.cc/jorryApps/app/turen/index.php?r=gii/default/login
---
2014/12/11 16:03:09 [error] [exception.CHttpException.404] exception 'CHttpException' with message 'The system is unable to find the requested action "index".' in D:\xampp\www\me\jorryApps\framework\web\CController.php:491
Stack trace:
#0 D:\xampp\www\me\jorryApps\framework\web\CController.php(273): CController->missingAction('index')
#1 D:\xampp\www\me\jorryApps\framework\web\CWebApplication.php(292): CController->run('index')
#2 D:\xampp\www\me\jorryApps\framework\web\CWebApplication.php(147): CWebApplication->runController('gii/default/ind...')
#3 D:\xampp\www\me\jorryApps\framework\base\CApplication.php(183): CWebApplication->processRequest()
#4 D:\xampp\www\me\jorryApps\app\turen\index.php(17): CApplication->run()
#5 {main}
REQUEST_URI=/jorryApps/app/turen/index.php?r=gii/default/index
HTTP_REFERER=http://me.cc/jorryApps/app/turen/index.php?r=gii/default/login
---
2014/12/11 16:03:14 [error] [exception.CHttpException.404] exception 'CHttpException' with message 'The system is unable to find the requested action "index".' in D:\xampp\www\me\jorryApps\framework\web\CController.php:491
Stack trace:
#0 D:\xampp\www\me\jorryApps\framework\web\CController.php(273): CController->missingAction('index')
#1 D:\xampp\www\me\jorryApps\framework\web\CWebApplication.php(292): CController->run('index')
#2 D:\xampp\www\me\jorryApps\framework\web\CWebApplication.php(147): CWebApplication->runController('gii/default/ind...')
#3 D:\xampp\www\me\jorryApps\framework\base\CApplication.php(183): CWebApplication->processRequest()
#4 D:\xampp\www\me\jorryApps\app\turen\index.php(17): CApplication->run()
#5 {main}
REQUEST_URI=/jorryApps/app/turen/index.php?r=gii/default/index
HTTP_REFERER=http://me.cc/jorryApps/app/turen/index.php?r=gii/default/login
---
2014/12/11 16:05:08 [error] [exception.CHttpException.404] exception 'CHttpException' with message 'The system is unable to find the requested action "index".' in D:\xampp\www\me\jorryApps\framework\web\CController.php:492
Stack trace:
#0 D:\xampp\www\me\jorryApps\framework\web\CController.php(273): CController->missingAction('index')
#1 D:\xampp\www\me\jorryApps\framework\web\CWebApplication.php(292): CController->run('index')
#2 D:\xampp\www\me\jorryApps\framework\web\CWebApplication.php(147): CWebApplication->runController('gii/default/ind...')
#3 D:\xampp\www\me\jorryApps\framework\base\CApplication.php(183): CWebApplication->processRequest()
#4 D:\xampp\www\me\jorryApps\app\turen\index.php(17): CApplication->run()
#5 {main}
REQUEST_URI=/jorryApps/app/turen/index.php?r=gii/default/index
HTTP_REFERER=http://me.cc/jorryApps/app/turen/index.php?r=gii/default/login
---
2014/12/13 11:51:05 [error] [exception.CHttpException.404] exception 'CHttpException' with message 'The system is unable to find the requested action "index1".' in D:\xampp\www\me\jorryApps\framework\web\CController.php:503
Stack trace:
#0 D:\xampp\www\me\jorryApps\framework\web\CController.php(273): CController->missingAction('index1')
#1 D:\xampp\www\me\jorryApps\framework\web\CWebApplication.php(292): CController->run('index1')
#2 D:\xampp\www\me\jorryApps\framework\web\CWebApplication.php(147): CWebApplication->runController('gii/default/ind...')
#3 D:\xampp\www\me\jorryApps\framework\base\CApplication.php(183): CWebApplication->processRequest()
#4 D:\xampp\www\me\jorryApps\app\turen\index.php(17): CApplication->run()
#5 {main}
REQUEST_URI=/jorryApps/app/turen/index.php?r=gii/default/index1
---
2014/12/13 12:09:33 [error] [exception.CHttpException.404] exception 'CHttpException' with message 'The system is unable to find the requested action "test".' in D:\xampp\www\me\jorryApps\framework\web\CController.php:504
Stack trace:
#0 D:\xampp\www\me\jorryApps\framework\web\CController.php(273): CController->missingAction('test')
#1 D:\xampp\www\me\jorryApps\framework\web\CWebApplication.php(292): CController->run('test')
#2 D:\xampp\www\me\jorryApps\framework\web\CWebApplication.php(147): CWebApplication->runController('post/test')
#3 D:\xampp\www\me\jorryApps\framework\base\CApplication.php(183): CWebApplication->processRequest()
#4 D:\xampp\www\me\jorryApps\app\turen\index.php(17): CApplication->run()
#5 {main}
REQUEST_URI=/jorryApps/app/turen/index.php?r=post/test
---
2014/12/16 16:25:03 [error] [exception.CHttpException.404] exception 'CHttpException' with message 'The system is unable to find the requested action "test".' in D:\xampp\www\me\jorryApps\framework\web\CController.php:514
Stack trace:
#0 D:\xampp\www\me\jorryApps\framework\web\CController.php(273): CController->missingAction('test')
#1 D:\xampp\www\me\jorryApps\framework\web\CWebApplication.php(292): CController->run('test')
#2 D:\xampp\www\me\jorryApps\framework\web\CWebApplication.php(147): CWebApplication->runController('site/test')
#3 D:\xampp\www\me\jorryApps\framework\base\CApplication.php(183): CWebApplication->processRequest()
#4 D:\xampp\www\me\jorryApps\app\turen\index.php(17): CApplication->run()
#5 {main}
REQUEST_URI=/jorryApps/app/turen/index.php?r=site/test
---
2014/12/16 16:25:19 [error] [php] call_user_func() expects parameter 1 to be a valid callback, class 'TestAction' does not have a method 'actions' (D:\xampp\www\me\jorryApps\framework\web\CController.php:500)
Stack trace:
#0 D:\xampp\www\me\jorryApps\framework\web\CController.php(259): SiteController->createAction()
#1 D:\xampp\www\me\jorryApps\framework\web\CWebApplication.php(292): SiteController->run()
#2 D:\xampp\www\me\jorryApps\framework\web\CWebApplication.php(147): CWebApplication->runController()
#3 D:\xampp\www\me\jorryApps\framework\base\CApplication.php(183): CWebApplication->processRequest()
#4 D:\xampp\www\me\jorryApps\app\turen\index.php(17): CWebApplication->run()
REQUEST_URI=/jorryApps/app/turen/index.php?r=site/pro.test
2014/12/18 12:39:43 [error] [php] call_user_func() expects parameter 1 to be a valid callback, class 'TestAction' does not have a method 'actions' (D:\xampp\www\me\jorryApps\framework\web\CController.php:500)
Stack trace:
#0 D:\xampp\www\me\jorryApps\framework\web\CController.php(259): SiteController->createAction()
#1 D:\xampp\www\me\jorryApps\framework\web\CWebApplication.php(292): SiteController->run()
#2 D:\xampp\www\me\jorryApps\framework\web\CWebApplication.php(147): CWebApplication->runController()
#3 D:\xampp\www\me\jorryApps\framework\base\CApplication.php(183): CWebApplication->processRequest()
#4 D:\xampp\www\me\jorryApps\app\turen\index.php(17): CWebApplication->run()
REQUEST_URI=/jorryApps/app/turen/index.php?r=site/pro.test
2014/12/18 14:58:21 [error] [php] call_user_func() expects parameter 1 to be a valid callback, class 'TestAction' does not have a method 'actions' (D:\xampp\www\me\jorryApps\framework\web\CController.php:500)
Stack trace:
#0 D:\xampp\www\me\jorryApps\framework\web\CController.php(259): SiteController->createAction()
#1 D:\xampp\www\me\jorryApps\framework\web\CWebApplication.php(292): SiteController->run()
#2 D:\xampp\www\me\jorryApps\framework\web\CWebApplication.php(147): CWebApplication->runController()
#3 D:\xampp\www\me\jorryApps\framework\base\CApplication.php(183): CWebApplication->processRequest()
#4 D:\xampp\www\me\jorryApps\app\turen\index.php(17): CWebApplication->run()
REQUEST_URI=/jorryApps/app/turen/index.php?r=site/pro.test
2014/12/18 16:31:44 [error] [exception.CHttpException.404] exception 'CHttpException' with message 'The system is unable to find the requested action "index1".' in D:\xampp\www\me\jorryApps\framework\web\CController.php:514
Stack trace:
#0 D:\xampp\www\me\jorryApps\framework\web\CController.php(273): CController->missingAction('index1')
#1 D:\xampp\www\me\jorryApps\framework\web\CWebApplication.php(292): CController->run('index1')
#2 D:\xampp\www\me\jorryApps\framework\web\CWebApplication.php(147): CWebApplication->runController('gii/default/ind...')
#3 D:\xampp\www\me\jorryApps\framework\base\CApplication.php(183): CWebApplication->processRequest()
#4 D:\xampp\www\me\jorryApps\app\turen\index.php(17): CApplication->run()
#5 {main}
REQUEST_URI=/jorryApps/app/turen/index.php?r=gii/default/index1
---
2014/12/18 16:31:58 [error] [exception.CHttpException.404] exception 'CHttpException' with message 'Unable to resolve the request "gii/site/action1".' in D:\xampp\www\me\jorryApps\framework\web\CWebApplication.php:296
Stack trace:
#0 D:\xampp\www\me\jorryApps\framework\web\CWebApplication.php(147): CWebApplication->runController('gii/site/action...')
#1 D:\xampp\www\me\jorryApps\framework\base\CApplication.php(183): CWebApplication->processRequest()
#2 D:\xampp\www\me\jorryApps\app\turen\index.php(17): CApplication->run()
#3 {main}
REQUEST_URI=/jorryApps/app/turen/index.php?r=gii/site/action1
---
2014/12/18 16:37:49 [error] [exception.CHttpException.404] exception 'CHttpException' with message 'The system is unable to find the requested action "pro2.action1".' in D:\xampp\www\me\jorryApps\framework\web\CController.php:514
Stack trace:
#0 D:\xampp\www\me\jorryApps\framework\web\CController.php(273): CController->missingAction('pro2.action1')
#1 D:\xampp\www\me\jorryApps\framework\web\CWebApplication.php(292): CController->run('pro2.action1')
#2 D:\xampp\www\me\jorryApps\framework\web\CWebApplication.php(147): CWebApplication->runController('site/pro2.actio...')
#3 D:\xampp\www\me\jorryApps\framework\base\CApplication.php(183): CWebApplication->processRequest()
#4 D:\xampp\www\me\jorryApps\app\turen\index.php(17): CApplication->run()
#5 {main}
REQUEST_URI=/jorryApps/app/turen/index.php?r=site/pro2.action1
---
2014/12/18 16:46:00 [error] [exception.CHttpException.404] exception 'CHttpException' with message 'The system is unable to find the requested action "pro3.pro2.action1".' in D:\xampp\www\me\jorryApps\framework\web\CController.php:514
Stack trace:
#0 D:\xampp\www\me\jorryApps\framework\web\CController.php(273): CController->missingAction('pro3.pro2.actio...')
#1 D:\xampp\www\me\jorryApps\framework\web\CWebApplication.php(292): CController->run('pro3.pro2.actio...')
#2 D:\xampp\www\me\jorryApps\framework\web\CWebApplication.php(147): CWebApplication->runController('site/pro3.pro2....')
#3 D:\xampp\www\me\jorryApps\framework\base\CApplication.php(183): CWebApplication->processRequest()
#4 D:\xampp\www\me\jorryApps\app\turen\index.php(17): CApplication->run()
#5 {main}
REQUEST_URI=/jorryApps/app/turen/index.php?r=site/pro3.pro2.action1
---
2014/12/18 16:47:46 [error] [exception.CHttpException.404] exception 'CHttpException' with message 'The system is unable to find the requested action "pro3.action1".' in D:\xampp\www\me\jorryApps\framework\web\CController.php:514
Stack trace:
#0 D:\xampp\www\me\jorryApps\framework\web\CController.php(273): CController->missingAction('pro3.action1')
#1 D:\xampp\www\me\jorryApps\framework\web\CWebApplication.php(292): CController->run('pro3.action1')
#2 D:\xampp\www\me\jorryApps\framework\web\CWebApplication.php(147): CWebApplication->runController('site/pro3.actio...')
#3 D:\xampp\www\me\jorryApps\framework\base\CApplication.php(183): CWebApplication->processRequest()
#4 D:\xampp\www\me\jorryApps\app\turen\index.php(17): CApplication->run()
#5 {main}
REQUEST_URI=/jorryApps/app/turen/index.php?r=site/pro3.action1
---
2014/12/18 16:50:51 [error] [exception.CHttpException.404] exception 'CHttpException' with message 'The system is unable to find the requested action "pro3.action1".' in D:\xampp\www\me\jorryApps\framework\web\CController.php:514
Stack trace:
#0 D:\xampp\www\me\jorryApps\framework\web\CController.php(273): CController->missingAction('pro3.action1')
#1 D:\xampp\www\me\jorryApps\framework\web\CWebApplication.php(292): CController->run('pro3.action1')
#2 D:\xampp\www\me\jorryApps\framework\web\CWebApplication.php(147): CWebApplication->runController('site/pro3.actio...')
#3 D:\xampp\www\me\jorryApps\framework\base\CApplication.php(183): CWebApplication->processRequest()
#4 D:\xampp\www\me\jorryApps\app\turen\index.php(17): CApplication->run()
#5 {main}
REQUEST_URI=/jorryApps/app/turen/index.php?r=site/pro3.action1
---
2014/12/18 16:55:36 [error] [exception.CHttpException.404] exception 'CHttpException' with message 'The system is unable to find the requested action "pro2.action1".' in D:\xampp\www\me\jorryApps\framework\web\CController.php:514
Stack trace:
#0 D:\xampp\www\me\jorryApps\framework\web\CController.php(273): CController->missingAction('pro2.action1')
#1 D:\xampp\www\me\jorryApps\framework\web\CWebApplication.php(292): CController->run('pro2.action1')
#2 D:\xampp\www\me\jorryApps\framework\web\CWebApplication.php(147): CWebApplication->runController('site/pro2.actio...')
#3 D:\xampp\www\me\jorryApps\framework\base\CApplication.php(183): CWebApplication->processRequest()
#4 D:\xampp\www\me\jorryApps\app\turen\index.php(17): CApplication->run()
#5 {main}
REQUEST_URI=/jorryApps/app/turen/index.php?r=site/pro2.action1
---
2014/12/19 15:23:36 [error] [php] include(abc.php): failed to open stream: No such file or directory (D:\xampp\www\me\jorryApps\framework\YiiBase.php:459)
Stack trace:
#0 D:\xampp\www\me\jorryApps\framework\YiiBase.php(209): import()
#1 D:\xampp\www\me\jorryApps\framework\web\CController.php(472): createComponent()
#2 D:\xampp\www\me\jorryApps\framework\web\CController.php(521): SiteController->createActionFromMap()
#3 D:\xampp\www\me\jorryApps\framework\web\CController.php(521): SiteController->createActionFromMap()
#4 D:\xampp\www\me\jorryApps\framework\web\CController.php(435): SiteController->createActionFromMap()
#5 D:\xampp\www\me\jorryApps\framework\web\CController.php(259): SiteController->createAction()
#6 D:\xampp\www\me\jorryApps\framework\web\CWebApplication.php(292): SiteController->run()
#7 D:\xampp\www\me\jorryApps\framework\web\CWebApplication.php(147): CWebApplication->runController()
#8 D:\xampp\www\me\jorryApps\framework\base\CApplication.php(183): CWebApplication->processRequest()
#9 D:\xampp\www\me\jorryApps\app\turen\index.php(17): CWebApplication->run()
REQUEST_URI=/jorryApps/app/turen/index.php?r=site/pro3.pro2.action1
2014/12/19 15:25:48 [error] [php] include(abc.php): failed to open stream: No such file or directory (D:\xampp\www\me\jorryApps\framework\YiiBase.php:459)
Stack trace:
#0 D:\xampp\www\me\jorryApps\framework\YiiBase.php(209): import()
#1 D:\xampp\www\me\jorryApps\framework\web\CController.php(472): createComponent()
#2 D:\xampp\www\me\jorryApps\framework\web\CController.php(521): SiteController->createActionFromMap()
#3 D:\xampp\www\me\jorryApps\framework\web\CController.php(521): SiteController->createActionFromMap()
#4 D:\xampp\www\me\jorryApps\framework\web\CController.php(435): SiteController->createActionFromMap()
#5 D:\xampp\www\me\jorryApps\framework\web\CController.php(259): SiteController->createAction()
#6 D:\xampp\www\me\jorryApps\framework\web\CWebApplication.php(292): SiteController->run()
#7 D:\xampp\www\me\jorryApps\framework\web\CWebApplication.php(147): CWebApplication->runController()
#8 D:\xampp\www\me\jorryApps\framework\base\CApplication.php(183): CWebApplication->processRequest()
#9 D:\xampp\www\me\jorryApps\app\turen\index.php(17): CWebApplication->run()
REQUEST_URI=/jorryApps/app/turen/index.php?r=site/pro3.pro2.action1
2014/12/19 15:34:36 [error] [php] include(abc.php): failed to open stream: No such file or directory (D:\xampp\www\me\jorryApps\framework\YiiBase.php:459)
Stack trace:
#0 D:\xampp\www\me\jorryApps\framework\YiiBase.php(209): import()
#1 D:\xampp\www\me\jorryApps\framework\web\CController.php(480): createComponent()
#2 D:\xampp\www\me\jorryApps\framework\web\CController.php(529): SiteController->createActionFromMap()
#3 D:\xampp\www\me\jorryApps\framework\web\CController.php(529): SiteController->createActionFromMap()
#4 D:\xampp\www\me\jorryApps\framework\web\CController.php(435): SiteController->createActionFromMap()
#5 D:\xampp\www\me\jorryApps\framework\web\CController.php(259): SiteController->createAction()
#6 D:\xampp\www\me\jorryApps\framework\web\CWebApplication.php(292): SiteController->run()
#7 D:\xampp\www\me\jorryApps\framework\web\CWebApplication.php(147): CWebApplication->runController()
#8 D:\xampp\www\me\jorryApps\framework\base\CApplication.php(183): CWebApplication->processRequest()
#9 D:\xampp\www\me\jorryApps\app\turen\index.php(17): CWebApplication->run()
REQUEST_URI=/jorryApps/app/turen/index.php?r=site/pro3.pro2.action1
2014/12/19 15:39:17 [error] [php] include(abc.php): failed to open stream: No such file or directory (D:\xampp\www\me\jorryApps\framework\YiiBase.php:459)
Stack trace:
#0 D:\xampp\www\me\jorryApps\framework\YiiBase.php(209): import()
#1 D:\xampp\www\me\jorryApps\framework\web\CController.php(481): createComponent()
#2 D:\xampp\www\me\jorryApps\framework\web\CController.php(531): SiteController->createActionFromMap()
#3 D:\xampp\www\me\jorryApps\framework\web\CController.php(531): SiteController->createActionFromMap()
#4 D:\xampp\www\me\jorryApps\framework\web\CController.php(435): SiteController->createActionFromMap()
#5 D:\xampp\www\me\jorryApps\framework\web\CController.php(259): SiteController->createAction()
#6 D:\xampp\www\me\jorryApps\framework\web\CWebApplication.php(292): SiteController->run()
#7 D:\xampp\www\me\jorryApps\framework\web\CWebApplication.php(147): CWebApplication->runController()
#8 D:\xampp\www\me\jorryApps\framework\base\CApplication.php(183): CWebApplication->processRequest()
#9 D:\xampp\www\me\jorryApps\app\turen\index.php(17): CWebApplication->run()
REQUEST_URI=/jorryApps/app/turen/index.php?r=site/pro3.pro2.action1
2014/12/25 13:43:29 [error] [exception.CHttpException.404] exception 'CHttpException' with message 'The system is unable to find the requested action "captcha".' in D:\xampp\www\me\jorryApps\framework\web\CController.php:553
Stack trace:
#0 D:\xampp\www\me\jorryApps\framework\web\CController.php(277): CController->missingAction('captcha')
#1 D:\xampp\www\me\jorryApps\framework\web\CWebApplication.php(292): CController->run('captcha')
#2 D:\xampp\www\me\jorryApps\framework\web\CWebApplication.php(147): CWebApplication->runController('site/captcha')
#3 D:\xampp\www\me\jorryApps\framework\base\CApplication.php(183): CWebApplication->processRequest()
#4 D:\xampp\www\me\jorryApps\app\turen\index.php(17): CApplication->run()
#5 {main}
REQUEST_URI=/jorryApps/app/turen/index.php?r=site/captcha&v=549c0670e670e
HTTP_REFERER=http://me.cc/jorryApps/app/turen/index.php?r=site/contact
---
2014/12/25 13:43:29 [error] [exception.CHttpException.404] exception 'CHttpException' with message 'The system is unable to find the requested action "page".' in D:\xampp\www\me\jorryApps\framework\web\CController.php:553
Stack trace:
#0 D:\xampp\www\me\jorryApps\framework\web\CController.php(277): CController->missingAction('page')
#1 D:\xampp\www\me\jorryApps\framework\web\CWebApplication.php(292): CController->run('page')
#2 D:\xampp\www\me\jorryApps\framework\web\CWebApplication.php(147): CWebApplication->runController('site/page')
#3 D:\xampp\www\me\jorryApps\framework\base\CApplication.php(183): CWebApplication->processRequest()
#4 D:\xampp\www\me\jorryApps\app\turen\index.php(17): CApplication->run()
#5 {main}
REQUEST_URI=/jorryApps/app/turen/index.php?r=site/page&view=about
HTTP_REFERER=http://me.cc/jorryApps/app/turen/index.php?r=site/contact
---
2014/12/25 13:43:31 [error] [exception.CHttpException.404] exception 'CHttpException' with message 'The system is unable to find the requested action "captcha".' in D:\xampp\www\me\jorryApps\framework\web\CController.php:553
Stack trace:
#0 D:\xampp\www\me\jorryApps\framework\web\CController.php(277): CController->missingAction('captcha')
#1 D:\xampp\www\me\jorryApps\framework\web\CWebApplication.php(292): CController->run('captcha')
#2 D:\xampp\www\me\jorryApps\framework\web\CWebApplication.php(147): CWebApplication->runController('site/captcha')
#3 D:\xampp\www\me\jorryApps\framework\base\CApplication.php(183): CWebApplication->processRequest()
#4 D:\xampp\www\me\jorryApps\app\turen\index.php(17): CApplication->run()
#5 {main}
REQUEST_URI=/jorryApps/app/turen/index.php?r=site/captcha&v=549c067330967
HTTP_REFERER=http://me.cc/jorryApps/app/turen/index.php?r=site/contact
---
2014/12/25 13:43:31 [error] [exception.CHttpException.404] exception 'CHttpException' with message 'The system is unable to find the requested action "page".' in D:\xampp\www\me\jorryApps\framework\web\CController.php:553
Stack trace:
#0 D:\xampp\www\me\jorryApps\framework\web\CController.php(277): CController->missingAction('page')
#1 D:\xampp\www\me\jorryApps\framework\web\CWebApplication.php(292): CController->run('page')
#2 D:\xampp\www\me\jorryApps\framework\web\CWebApplication.php(147): CWebApplication->runController('site/page')
#3 D:\xampp\www\me\jorryApps\framework\base\CApplication.php(183): CWebApplication->processRequest()
#4 D:\xampp\www\me\jorryApps\app\turen\index.php(17): CApplication->run()
#5 {main}
REQUEST_URI=/jorryApps/app/turen/index.php?r=site/page&view=about
HTTP_REFERER=http://me.cc/jorryApps/app/turen/index.php?r=site/contact
---
2014/12/25 13:43:32 [error] [exception.CHttpException.404] exception 'CHttpException' with message 'The system is unable to find the requested action "page".' in D:\xampp\www\me\jorryApps\framework\web\CController.php:553
Stack trace:
#0 D:\xampp\www\me\jorryApps\framework\web\CController.php(277): CController->missingAction('page')
#1 D:\xampp\www\me\jorryApps\framework\web\CWebApplication.php(292): CController->run('page')
#2 D:\xampp\www\me\jorryApps\framework\web\CWebApplication.php(147): CWebApplication->runController('site/page')
#3 D:\xampp\www\me\jorryApps\framework\base\CApplication.php(183): CWebApplication->processRequest()
#4 D:\xampp\www\me\jorryApps\app\turen\index.php(17): CApplication->run()
#5 {main}
REQUEST_URI=/jorryApps/app/turen/index.php?r=site/page&view=about
HTTP_REFERER=http://me.cc/jorryApps/app/turen/index.php?r=site/page&view=about
---
2014/12/25 13:43:34 [error] [exception.CHttpException.404] exception 'CHttpException' with message 'The system is unable to find the requested action "captcha".' in D:\xampp\www\me\jorryApps\framework\web\CController.php:553
Stack trace:
#0 D:\xampp\www\me\jorryApps\framework\web\CController.php(277): CController->missingAction('captcha')
#1 D:\xampp\www\me\jorryApps\framework\web\CWebApplication.php(292): CController->run('captcha')
#2 D:\xampp\www\me\jorryApps\framework\web\CWebApplication.php(147): CWebApplication->runController('site/captcha')
#3 D:\xampp\www\me\jorryApps\framework\base\CApplication.php(183): CWebApplication->processRequest()
#4 D:\xampp\www\me\jorryApps\app\turen\index.php(17): CApplication->run()
#5 {main}
REQUEST_URI=/jorryApps/app/turen/index.php?r=site/captcha&v=549c067604ed0
HTTP_REFERER=http://me.cc/jorryApps/app/turen/index.php?r=site/contact
---
2014/12/25 13:43:34 [error] [exception.CHttpException.404] exception 'CHttpException' with message 'The system is unable to find the requested action "page".' in D:\xampp\www\me\jorryApps\framework\web\CController.php:553
Stack trace:
#0 D:\xampp\www\me\jorryApps\framework\web\CController.php(277): CController->missingAction('page')
#1 D:\xampp\www\me\jorryApps\framework\web\CWebApplication.php(292): CController->run('page')
#2 D:\xampp\www\me\jorryApps\framework\web\CWebApplication.php(147): CWebApplication->runController('site/page')
#3 D:\xampp\www\me\jorryApps\framework\base\CApplication.php(183): CWebApplication->processRequest()
#4 D:\xampp\www\me\jorryApps\app\turen\index.php(17): CApplication->run()
#5 {main}
REQUEST_URI=/jorryApps/app/turen/index.php?r=site/page&view=about
HTTP_REFERER=http://me.cc/jorryApps/app/turen/index.php?r=site/contact
---
